[0m14:58:46.516023 [debug] [MainThread]: Sending event: {'category': 'dbt', 'action': 'invocation', 'label': 'start', 'context': [<snowplow_tracker.self_describing_json.SelfDescribingJson object at 0x000001CCFA947A40>, <snowplow_tracker.self_describing_json.SelfDescribingJson object at 0x000001CCF78BD7F0>, <snowplow_tracker.self_describing_json.SelfDescribingJson object at 0x000001CCF7C9B200>]}


============================== 14:58:46.528096 | 59db8c88-caf6-4be7-8bdc-52e2ebbc7ba9 ==============================
[0m14:58:46.528096 [info ] [MainThread]: Running with dbt=1.11.11
[0m14:58:46.532329 [debug] [MainThread]: running dbt with arguments {'version_check': 'True', 'no_print': 'None', 'static_parser': 'True', 'target_path': 'None', 'warn_error_options': 'WarnErrorOptionsV2(error=[], warn=[], silence=[])', 'printer_width': '80', 'write_json': 'True', 'empty': 'None', 'log_cache_events': 'False', 'introspect': 'True', 'cache_selected_only': 'False', 'log_format': 'default', 'debug': 'False', 'fail_fast': 'False', 'partial_parse': 'True', 'send_anonymous_usage_stats': 'True', 'quiet': 'False', 'warn_error': 'None', 'profiles_dir': 'C:\\Users\\SOFIA\\.dbt', 'use_colors': 'True', 'indirect_selection': 'eager', 'invocation_command': 'dbt init analytics', 'use_experimental_parser': 'False', 'log_path': 'logs'}
[0m14:58:46.604798 [debug] [MainThread]: Starter project path: C:\Users\SOFIA\crypto-project\.venv\Lib\site-packages\dbt\include\starter_project
[0m14:58:46.651301 [info ] [MainThread]: 
Your new dbt project "analytics" was created!

For more information on how to configure the profiles.yml file,
please consult the dbt documentation here:

  https://docs.getdbt.com/docs/configure-your-profile

One more thing:

Need help? Don't hesitate to reach out to us via GitHub issues or on Slack:

  https://community.getdbt.com/

Happy modeling!

[0m14:58:46.653866 [info ] [MainThread]: Setting up your profile.
[0m15:04:56.976722 [error] [MainThread]: Encountered an error:

[0m15:04:57.098189 [error] [MainThread]: Traceback (most recent call last):
  File "C:\Users\SOFIA\crypto-project\.venv\Lib\site-packages\dbt\cli\requires.py", line 182, in wrapper
    result, success = func(*args, **kwargs)
                      ^^^^^^^^^^^^^^^^^^^^^
  File "C:\Users\SOFIA\crypto-project\.venv\Lib\site-packages\dbt\cli\requires.py", line 128, in wrapper
    return func(*args, **kwargs)
           ^^^^^^^^^^^^^^^^^^^^^
  File "C:\Users\SOFIA\crypto-project\.venv\Lib\site-packages\dbt\cli\main.py", line 488, in init
    results = task.run()
              ^^^^^^^^^^
  File "C:\Users\SOFIA\crypto-project\.venv\Lib\site-packages\dbt\task\init.py", line 346, in run
    self.setup_profile(profile_name)
  File "C:\Users\SOFIA\crypto-project\.venv\Lib\site-packages\dbt\task\init.py", line 261, in setup_profile
    adapter = self.ask_for_adapter_choice()
              ^^^^^^^^^^^^^^^^^^^^^^^^^^^^^
  File "C:\Users\SOFIA\crypto-project\.venv\Lib\site-packages\dbt\task\init.py", line 242, in ask_for_adapter_choice
    numeric_choice = click.prompt(prompt_msg, type=click.INT)
                     ^^^^^^^^^^^^^^^^^^^^^^^^^^^^^^^^^^^^^^^^
  File "C:\Users\SOFIA\crypto-project\.venv\Lib\site-packages\click\termui.py", line 218, in prompt
    value = prompt_func(prompt)
            ^^^^^^^^^^^^^^^^^^^
  File "C:\Users\SOFIA\crypto-project\.venv\Lib\site-packages\click\termui.py", line 201, in prompt_func
    raise Abort() from None
click.exceptions.Abort

[0m15:04:57.122306 [debug] [MainThread]: Command `dbt init` failed at 15:04:57.117636 after 371.98 seconds
[0m15:04:57.124975 [debug] [MainThread]: Sending event: {'category': 'dbt', 'action': 'invocation', 'label': 'end', 'context': [<snowplow_tracker.self_describing_json.SelfDescribingJson object at 0x000001CCFB44E480>, <snowplow_tracker.self_describing_json.SelfDescribingJson object at 0x000001CCFB5D99D0>, <snowplow_tracker.self_describing_json.SelfDescribingJson object at 0x000001CCFB572ED0>]}
[0m15:04:57.137886 [debug] [MainThread]: Flushing usage events
[0m15:04:58.275356 [debug] [MainThread]: An error was encountered while trying to flush usage events
[0m15:06:05.373549 [debug] [MainThread]: Sending event: {'category': 'dbt', 'action': 'invocation', 'label': 'start', 'context': [<snowplow_tracker.self_describing_json.SelfDescribingJson object at 0x0000020C49E17B60>, <snowplow_tracker.self_describing_json.SelfDescribingJson object at 0x0000020C497B7860>, <snowplow_tracker.self_describing_json.SelfDescribingJson object at 0x0000020C46AF34A0>]}


============================== 15:06:05.387831 | 33549d3d-4f0a-414e-9e15-ba05fe649eab ==============================
[0m15:06:05.387831 [info ] [MainThread]: Running with dbt=1.11.11
[0m15:06:05.387831 [debug] [MainThread]: running dbt with arguments {'version_check': 'True', 'no_print': 'None', 'static_parser': 'True', 'target_path': 'None', 'warn_error_options': 'WarnErrorOptionsV2(error=[], warn=[], silence=[])', 'printer_width': '80', 'write_json': 'True', 'empty': 'None', 'log_cache_events': 'False', 'introspect': 'True', 'cache_selected_only': 'False', 'fail_fast': 'False', 'debug': 'False', 'log_format': 'default', 'profiles_dir': 'C:\\Users\\SOFIA\\.dbt', 'send_anonymous_usage_stats': 'True', 'quiet': 'False', 'warn_error': 'None', 'partial_parse': 'True', 'invocation_command': 'dbt init analytics', 'indirect_selection': 'eager', 'use_colors': 'True', 'use_experimental_parser': 'False', 'log_path': 'logs'}
[0m15:06:05.442651 [info ] [MainThread]: A project called analytics already exists here.
[0m15:06:05.450928 [debug] [MainThread]: Command `dbt init` succeeded at 15:06:05.450928 after 0.59 seconds
[0m15:06:05.450928 [debug] [MainThread]: Sending event: {'category': 'dbt', 'action': 'invocation', 'label': 'end', 'context': [<snowplow_tracker.self_describing_json.SelfDescribingJson object at 0x0000020C4B60FE00>, <snowplow_tracker.self_describing_json.SelfDescribingJson object at 0x0000020C45ADAFF0>, <snowplow_tracker.self_describing_json.SelfDescribingJson object at 0x0000020C4A27DD60>]}
[0m15:06:05.452941 [debug] [MainThread]: Flushing usage events
[0m15:06:06.446822 [debug] [MainThread]: An error was encountered while trying to flush usage events
[0m15:16:46.632661 [debug] [MainThread]: Sending event: {'category': 'dbt', 'action': 'invocation', 'label': 'start', 'context': [<snowplow_tracker.self_describing_json.SelfDescribingJson object at 0x000001E264444C50>, <snowplow_tracker.self_describing_json.SelfDescribingJson object at 0x000001E264DC1F40>, <snowplow_tracker.self_describing_json.SelfDescribingJson object at 0x000001E264DC3770>]}


============================== 15:16:46.649594 | df8d767e-48ca-4d8e-95b3-e9f5824a7e41 ==============================
[0m15:16:46.649594 [info ] [MainThread]: Running with dbt=1.11.11
[0m15:16:46.649594 [debug] [MainThread]: running dbt with arguments {'version_check': 'True', 'no_print': 'None', 'static_parser': 'True', 'target_path': 'None', 'warn_error_options': 'WarnErrorOptionsV2(error=[], warn=[], silence=[])', 'printer_width': '80', 'write_json': 'True', 'introspect': 'True', 'log_cache_events': 'False', 'empty': 'None', 'cache_selected_only': 'False', 'fail_fast': 'False', 'debug': 'False', 'log_format': 'default', 'partial_parse': 'True', 'send_anonymous_usage_stats': 'True', 'quiet': 'False', 'warn_error': 'None', 'profiles_dir': 'C:\\Users\\SOFIA\\.dbt', 'indirect_selection': 'eager', 'use_colors': 'True', 'invocation_command': 'dbt debug', 'use_experimental_parser': 'False', 'log_path': 'logs'}
[0m15:16:46.714805 [info ] [MainThread]: dbt version: 1.11.11
[0m15:16:46.714805 [info ] [MainThread]: python version: 3.12.10
[0m15:16:46.714805 [info ] [MainThread]: python path: C:\Users\SOFIA\crypto-project\.venv\Scripts\python.exe
[0m15:16:46.714805 [info ] [MainThread]: os info: Windows-11-10.0.26200-SP0
[0m15:16:46.897289 [info ] [MainThread]: Using profiles dir at C:\Users\SOFIA\.dbt
[0m15:16:46.897289 [info ] [MainThread]: Using profiles.yml file at C:\Users\SOFIA\.dbt\profiles.yml
[0m15:16:46.897289 [info ] [MainThread]: Using dbt_project.yml file at C:\Users\SOFIA\crypto-project\dbt_project.yml
[0m15:16:46.915230 [info ] [MainThread]: adapter type: postgres
[0m15:16:46.915230 [info ] [MainThread]: adapter version: 1.9.1
[0m15:16:46.917244 [info ] [MainThread]: Configuration:
[0m15:16:46.917924 [info ] [MainThread]:   profiles.yml file [[32mOK found and valid[0m]
[0m15:16:46.917924 [info ] [MainThread]:   dbt_project.yml file [[31mERROR not found[0m]
[0m15:16:46.918977 [info ] [MainThread]: Required dependencies:
[0m15:16:46.920057 [debug] [MainThread]: Executing "git --help"
[0m15:16:46.989484 [debug] [MainThread]: STDOUT: "b"usage: git [-v | --version] [-h | --help] [-C <path>] [-c <name>=<value>]\n           [--exec-path[=<path>]] [--html-path] [--man-path] [--info-path]\n           [-p | --paginate | -P | --no-pager] [--no-replace-objects] [--no-lazy-fetch]\n           [--no-optional-locks] [--no-advice] [--bare] [--git-dir=<path>]\n           [--work-tree=<path>] [--namespace=<name>] [--config-env=<name>=<envvar>]\n           <command> [<args>]\n\nThese are common Git commands used in various situations:\n\nstart a working area (see also: git help tutorial)\n   clone      Clone a repository into a new directory\n   init       Create an empty Git repository or reinitialize an existing one\n\nwork on the current change (see also: git help everyday)\n   add        Add file contents to the index\n   mv         Move or rename a file, a directory, or a symlink\n   restore    Restore working tree files\n   rm         Remove files from the working tree and from the index\n\nexamine the history and state (see also: git help revisions)\n   bisect     Use binary search to find the commit that introduced a bug\n   diff       Show changes between commits, commit and working tree, etc\n   grep       Print lines matching a pattern\n   log        Show commit logs\n   show       Show various types of objects\n   status     Show the working tree status\n\ngrow, mark and tweak your common history\n   backfill   Download missing objects in a partial clone\n   branch     List, create, or delete branches\n   commit     Record changes to the repository\n   history    EXPERIMENTAL: Rewrite history\n   merge      Join two or more development histories together\n   rebase     Reapply commits on top of another base tip\n   reset      Set `HEAD` or the index to a known state\n   switch     Switch branches\n   tag        Create, list, delete or verify tags\n\ncollaborate (see also: git help workflows)\n   fetch      Download objects and refs from another repository\n   pull       Fetch from and integrate with another repository or a local branch\n   push       Update remote refs along with associated objects\n\n'git help -a' and 'git help -g' list available subcommands and some\nconcept guides. See 'git help <command>' or 'git help <concept>'\nto read about a specific subcommand or concept.\nSee 'git help git' for an overview of the system.\n""
[0m15:16:46.989484 [debug] [MainThread]: STDERR: "b''"
[0m15:16:46.989484 [info ] [MainThread]:  - git [[32mOK found[0m]

[0m15:16:46.989484 [info ] [MainThread]: Connection:
[0m15:16:46.989484 [info ] [MainThread]:   host: localhost
[0m15:16:46.989484 [info ] [MainThread]:   port: 5433
[0m15:16:46.989484 [info ] [MainThread]:   user: sofia
[0m15:16:47.001139 [info ] [MainThread]:   database: sofia_crypto
[0m15:16:47.001139 [info ] [MainThread]:   schema: dbt_dev_sofia
[0m15:16:47.001139 [info ] [MainThread]:   connect_timeout: 10
[0m15:16:47.001139 [info ] [MainThread]:   role: None
[0m15:16:47.001139 [info ] [MainThread]:   search_path: None
[0m15:16:47.001139 [info ] [MainThread]:   keepalives_idle: 0
[0m15:16:47.004633 [info ] [MainThread]:   sslmode: None
[0m15:16:47.005270 [info ] [MainThread]:   sslcert: None
[0m15:16:47.006313 [info ] [MainThread]:   sslkey: None
[0m15:16:47.007096 [info ] [MainThread]:   sslrootcert: None
[0m15:16:47.007731 [info ] [MainThread]:   application_name: dbt
[0m15:16:47.008459 [info ] [MainThread]:   retries: 1
[0m15:16:47.008986 [info ] [MainThread]: Registered adapter: postgres=1.9.1
[0m15:16:47.402053 [debug] [MainThread]: Acquiring new postgres connection 'debug'
[0m15:16:47.651557 [debug] [MainThread]: Using postgres connection "debug"
[0m15:16:47.652104 [debug] [MainThread]: On debug: select 1 as id
[0m15:16:47.652645 [debug] [MainThread]: Opening a new connection, currently in state init
[0m15:16:47.897459 [debug] [MainThread]: SQL status: SELECT 1 in 0.245 seconds
[0m15:16:47.898083 [debug] [MainThread]: On debug: Close
[0m15:16:47.898083 [info ] [MainThread]:   Connection test: [[32mOK connection ok[0m]

[0m15:16:47.898083 [info ] [MainThread]: [31m1 check failed:[0m
[0m15:16:47.898083 [info ] [MainThread]: Project loading failed for the following reason:
 project path <C:\Users\SOFIA\crypto-project\dbt_project.yml> not found

[0m15:16:47.898083 [debug] [MainThread]: Command `dbt debug` failed at 15:16:47.898083 after 1.84 seconds
[0m15:16:47.905863 [debug] [MainThread]: Connection 'debug' was properly closed.
[0m15:16:47.906465 [debug] [MainThread]: Sending event: {'category': 'dbt', 'action': 'invocation', 'label': 'end', 'context': [<snowplow_tracker.self_describing_json.SelfDescribingJson object at 0x000001E262034E90>, <snowplow_tracker.self_describing_json.SelfDescribingJson object at 0x000001E266812B10>, <snowplow_tracker.self_describing_json.SelfDescribingJson object at 0x000001E26639E780>]}
[0m15:16:47.906465 [debug] [MainThread]: Flushing usage events
[0m15:16:48.949716 [debug] [MainThread]: An error was encountered while trying to flush usage events
